[2021-12-28 23:47:49] local.ERROR: SQLSTATE[42S02]: Base table or view not found: 1146 Table 'antasus_db.announcements' doesn't exist (SQL: select * from `announcements` where `enabled` = 1 and (`area` = frontend or `area` is null) and ((`starts_at` is null and `ends_at` is null) or (`starts_at` is not null and `ends_at` is not null and `starts_at` <= 2021-12-28 23:47:48 and `ends_at` >= 2021-12-28 23:47:48) or (`starts_at` is not null and `ends_at` is null and `starts_at` <= 2021-12-28 23:47:48) or (`starts_at` is null and `ends_at` is not null and `ends_at` >= 2021-12-28 23:47:48))) {"exception":"[object] (Illuminate\\Database\\QueryException(code: 42S02): SQLSTATE[42S02]: Base table or view not found: 1146 Table 'antasus_db.announcements' doesn't exist (SQL: select * from `announcements` where `enabled` = 1 and (`area` = frontend or `area` is null) and ((`starts_at` is null and `ends_at` is null) or (`starts_at` is not null and `ends_at` is not null and `starts_at` <= 2021-12-28 23:47:48 and `ends_at` >= 2021-12-28 23:47:48) or (`starts_at` is not null and `ends_at` is null and `starts_at` <= 2021-12-28 23:47:48) or (`starts_at` is null and `ends_at` is not null and `ends_at` >= 2021-12-28 23:47:48))) at /home/vagrant/code/antasus-dev2/vendor/laravel/framework/src/Illuminate/Database/Connection.php:703)
[stacktrace]
#0 /home/vagrant/code/antasus-dev2/vendor/laravel/framework/src/Illuminate/Database/Connection.php(663): Illuminate\\Database\\Connection->runQueryCallback()
#1 /home/vagrant/code/antasus-dev2/vendor/laravel/framework/src/Illuminate/Database/Connection.php(367): Illuminate\\Database\\Connection->run()
#2 /home/vagrant/code/antasus-dev2/vendor/laravel/framework/src/Illuminate/Database/Query/Builder.php(2352): Illuminate\\Database\\Connection->select()
#3 /home/vagrant/code/antasus-dev2/vendor/laravel/framework/src/Illuminate/Database/Query/Builder.php(2340): Illuminate\\Database\\Query\\Builder->runSelect()
#4 /home/vagrant/code/antasus-dev2/vendor/laravel/framework/src/Illuminate/Database/Query/Builder.php(2874): Illuminate\\Database\\Query\\Builder->Illuminate\\Database\\Query\\{closure}()
#5 /home/vagrant/code/antasus-dev2/vendor/laravel/framework/src/Illuminate/Database/Query/Builder.php(2341): Illuminate\\Database\\Query\\Builder->onceWithColumns()
#6 /home/vagrant/code/antasus-dev2/vendor/laravel/framework/src/Illuminate/Database/Eloquent/Builder.php(625): Illuminate\\Database\\Query\\Builder->get()
#7 /home/vagrant/code/antasus-dev2/vendor/laravel/framework/src/Illuminate/Database/Eloquent/Builder.php(609): Illuminate\\Database\\Eloquent\\Builder->getModels()
#8 /home/vagrant/code/antasus-dev2/app/Domains/Announcement/Services/AnnouncementService.php(38): Illuminate\\Database\\Eloquent\\Builder->get()
#9 /home/vagrant/code/antasus-dev2/app/Providers/ComposerServiceProvider.php(26): App\\Domains\\Announcement\\Services\\AnnouncementService->getForFrontend()
#10 /home/vagrant/code/antasus-dev2/vendor/laravel/framework/src/Illuminate/Events/Dispatcher.php(404): App\\Providers\\ComposerServiceProvider->App\\Providers\\{closure}()
#11 /home/vagrant/code/antasus-dev2/vendor/laravel/framework/src/Illuminate/Events/Dispatcher.php(249): Illuminate\\Events\\Dispatcher->Illuminate\\Events\\{closure}()
#12 /home/vagrant/code/antasus-dev2/vendor/laravel/framework/src/Illuminate/View/Concerns/ManagesEvents.php(177): Illuminate\\Events\\Dispatcher->dispatch()
#13 /home/vagrant/code/antasus-dev2/vendor/laravel/framework/src/Illuminate/View/View.php(120): Illuminate\\View\\Factory->callComposer()
#14 /home/vagrant/code/antasus-dev2/vendor/laravel/framework/src/Illuminate/View/View.php(91): Illuminate\\View\\View->renderContents()
#15 /home/vagrant/code/antasus-dev2/vendor/laravel/framework/src/Illuminate/Http/Response.php(69): Illuminate\\View\\View->render()
#16 /home/vagrant/code/antasus-dev2/vendor/laravel/framework/src/Illuminate/Http/Response.php(35): Illuminate\\Http\\Response->setContent()
#17 /home/vagrant/code/antasus-dev2/vendor/laravel/framework/src/Illuminate/Routing/Router.php(794): Illuminate\\Http\\Response->__construct()
#18 /home/vagrant/code/antasus-dev2/vendor/laravel/framework/src/Illuminate/Routing/Router.php(763): Illuminate\\Routing\\Router::toResponse()
#19 /home/vagrant/code/antasus-dev2/vendor/laravel/framework/src/Illuminate/Routing/Router.php(695): Illuminate\\Routing\\Router->prepareResponse()
#20 /home/vagrant/code/antasus-dev2/vendor/laravel/framework/src/Illuminate/Pipeline/Pipeline.php(128): Illuminate\\Routing\\Router->Illuminate\\Routing\\{closure}()
#21 /home/vagrant/code/antasus-dev2/app/Http/Middleware/LastUserActivity.php(29): Illuminate\\Pipeline\\Pipeline->Illuminate\\Pipeline\\{closure}()
#22 /home/vagrant/code/antasus-dev2/vendor/laravel/framework/src/Illuminate/Pipeline/Pipeline.php(167): App\\Http\\Middleware\\LastUserActivity->handle()
#23 /home/vagrant/code/antasus-dev2/app/Domains/Auth/Http/Middleware/ToBeLoggedOut.php(32): Illuminate\\Pipeline\\Pipeline->Illuminate\\Pipeline\\{closure}()
#24 /home/vagrant/code/antasus-dev2/vendor/laravel/framework/src/Illuminate/Pipeline/Pipeline.php(167): App\\Domains\\Auth\\Http\\Middleware\\ToBeLoggedOut->handle()
#25 /home/vagrant/code/antasus-dev2/vendor/laravel/framework/src/Illuminate/Routing/Middleware/SubstituteBindings.php(50): Illuminate\\Pipeline\\Pipeline->Illuminate\\Pipeline\\{closure}()
#26 /home/vagrant/code/antasus-dev2/vendor/laravel/framework/src/Illuminate/Pipeline/Pipeline.php(167): Illuminate\\Routing\\Middleware\\SubstituteBindings->handle()
#27 /home/vagrant/code/antasus-dev2/app/Http/Middleware/LocaleMiddleware.php(27): Illuminate\\Pipeline\\Pipeline->Illuminate\\Pipeline\\{closure}()
#28 /home/vagrant/code/antasus-dev2/vendor/laravel/framework/src/Illuminate/Pipeline/Pipeline.php(167): App\\Http\\Middleware\\LocaleMiddleware->handle()
#29 /home/vagrant/code/antasus-dev2/vendor/laravel/framework/src/Illuminate/Foundation/Http/Middleware/VerifyCsrfToken.php(78): Illuminate\\Pipeline\\Pipeline->Illuminate\\Pipeline\\{closure}()
#30 /home/vagrant/code/antasus-dev2/vendor/laravel/framework/src/Illuminate/Pipeline/Pipeline.php(167): Illuminate\\Foundation\\Http\\Middleware\\VerifyCsrfToken->handle()
#31 /home/vagrant/code/antasus-dev2/vendor/laravel/framework/src/Illuminate/View/Middleware/ShareErrorsFromSession.php(49): Illuminate\\Pipeline\\Pipeline->Illuminate\\Pipeline\\{closure}()
#32 /home/vagrant/code/antasus-dev2/vendor/laravel/framework/src/Illuminate/Pipeline/Pipeline.php(167): Illuminate\\View\\Middleware\\ShareErrorsFromSession->handle()
#33 /home/vagrant/code/antasus-dev2/vendor/laravel/framework/src/Illuminate/Session/Middleware/StartSession.php(121): Illuminate\\Pipeline\\Pipeline->Illuminate\\Pipeline\\{closure}()
#34 /home/vagrant/code/antasus-dev2/vendor/laravel/framework/src/Illuminate/Session/Middleware/StartSession.php(64): Illuminate\\Session\\Middleware\\StartSession->handleStatefulRequest()
#35 /home/vagrant/code/antasus-dev2/vendor/laravel/framework/src/Illuminate/Pipeline/Pipeline.php(167): Illuminate\\Session\\Middleware\\StartSession->handle()
#36 /home/vagrant/code/antasus-dev2/vendor/laravel/framework/src/Illuminate/Cookie/Middleware/AddQueuedCookiesToResponse.php(37): Illuminate\\Pipeline\\Pipeline->Illuminate\\Pipeline\\{closure}()
#37 /home/vagrant/code/antasus-dev2/vendor/laravel/framework/src/Illuminate/Pipeline/Pipeline.php(167): Illuminate\\Cookie\\Middleware\\AddQueuedCookiesToResponse->handle()
#38 /home/vagrant/code/antasus-dev2/vendor/laravel/framework/src/Illuminate/Cookie/Middleware/EncryptCookies.php(67): Illuminate\\Pipeline\\Pipeline->Illuminate\\Pipeline\\{closure}()
#39 /home/vagrant/code/antasus-dev2/vendor/laravel/framework/src/Illuminate/Pipeline/Pipeline.php(167): Illuminate\\Cookie\\Middleware\\EncryptCookies->handle()
#40 /home/vagrant/code/antasus-dev2/vendor/laravel/framework/src/Illuminate/Pipeline/Pipeline.php(103): Illuminate\\Pipeline\\Pipeline->Illuminate\\Pipeline\\{closure}()
#41 /home/vagrant/code/antasus-dev2/vendor/laravel/framework/src/Illuminate/Routing/Router.php(697): Illuminate\\Pipeline\\Pipeline->then()
#42 /home/vagrant/code/antasus-dev2/vendor/laravel/framework/src/Illuminate/Routing/Router.php(672): Illuminate\\Routing\\Router->runRouteWithinStack()
#43 /home/vagrant/code/antasus-dev2/vendor/laravel/framework/src/Illuminate/Routing/Router.php(636): Illuminate\\Routing\\Router->runRoute()
#44 /home/vagrant/code/antasus-dev2/vendor/laravel/framework/src/Illuminate/Routing/Router.php(625): Illuminate\\Routing\\Router->dispatchToRoute()
#45 /home/vagrant/code/antasus-dev2/vendor/laravel/framework/src/Illuminate/Foundation/Http/Kernel.php(167): Illuminate\\Routing\\Router->dispatch()
#46 /home/vagrant/code/antasus-dev2/vendor/laravel/framework/src/Illuminate/Pipeline/Pipeline.php(128): Illuminate\\Foundation\\Http\\Kernel->Illuminate\\Foundation\\Http\\{closure}()
#47 /home/vagrant/code/antasus-dev2/vendor/livewire/livewire/src/DisableBrowserCache.php(19): Illuminate\\Pipeline\\Pipeline->Illuminate\\Pipeline\\{closure}()
#48 /home/vagrant/code/antasus-dev2/vendor/laravel/framework/src/Illuminate/Pipeline/Pipeline.php(167): Livewire\\DisableBrowserCache->handle()
#49 /home/vagrant/code/antasus-dev2/vendor/barryvdh/laravel-debugbar/src/Middleware/InjectDebugbar.php(67): Illuminate\\Pipeline\\Pipeline->Illuminate\\Pipeline\\{closure}()
#50 /home/vagrant/code/antasus-dev2/vendor/laravel/framework/src/Illuminate/Pipeline/Pipeline.php(167): Barryvdh\\Debugbar\\Middleware\\InjectDebugbar->handle()
#51 /home/vagrant/code/antasus-dev2/vendor/rappasoft/lockout/src/Http/Middleware/CheckForReadOnlyMode.php(48): Illuminate\\Pipeline\\Pipeline->Illuminate\\Pipeline\\{closure}()
#52 /home/vagrant/code/antasus-dev2/vendor/laravel/framework/src/Illuminate/Pipeline/Pipeline.php(167): Rappasoft\\Lockout\\Http\\Middleware\\CheckForReadOnlyMode->handle()
#53 /home/vagrant/code/antasus-dev2/vendor/laravel/framework/src/Illuminate/Foundation/Http/Middleware/TransformsRequest.php(21): Illuminate\\Pipeline\\Pipeline->Illuminate\\Pipeline\\{closure}()
#54 /home/vagrant/code/antasus-dev2/vendor/laravel/framework/src/Illuminate/Foundation/Http/Middleware/ConvertEmptyStringsToNull.php(31): Illuminate\\Foundation\\Http\\Middleware\\TransformsRequest->handle()
#55 /home/vagrant/code/antasus-dev2/vendor/laravel/framework/src/Illuminate/Pipeline/Pipeline.php(167): Illuminate\\Foundation\\Http\\Middleware\\ConvertEmptyStringsToNull->handle()
#56 /home/vagrant/code/antasus-dev2/vendor/laravel/framework/src/Illuminate/Foundation/Http/Middleware/TransformsRequest.php(21): Illuminate\\Pipeline\\Pipeline->Illuminate\\Pipeline\\{closure}()
#57 /home/vagrant/code/antasus-dev2/vendor/laravel/framework/src/Illuminate/Foundation/Http/Middleware/TrimStrings.php(40): Illuminate\\Foundation\\Http\\Middleware\\TransformsRequest->handle()
#58 /home/vagrant/code/antasus-dev2/vendor/laravel/framework/src/Illuminate/Pipeline/Pipeline.php(167): Illuminate\\Foundation\\Http\\Middleware\\TrimStrings->handle()
#59 /home/vagrant/code/antasus-dev2/vendor/laravel/framework/src/Illuminate/Foundation/Http/Middleware/ValidatePostSize.php(27): Illuminate\\Pipeline\\Pipeline->Illuminate\\Pipeline\\{closure}()
#60 /home/vagrant/code/antasus-dev2/vendor/laravel/framework/src/Illuminate/Pipeline/Pipeline.php(167): Illuminate\\Foundation\\Http\\Middleware\\ValidatePostSize->handle()
#61 /home/vagrant/code/antasus-dev2/vendor/laravel/framework/src/Illuminate/Foundation/Http/Middleware/PreventRequestsDuringMaintenance.php(86): Illuminate\\Pipeline\\Pipeline->Illuminate\\Pipeline\\{closure}()
#62 /home/vagrant/code/antasus-dev2/vendor/laravel/framework/src/Illuminate/Pipeline/Pipeline.php(167): Illuminate\\Foundation\\Http\\Middleware\\PreventRequestsDuringMaintenance->handle()
#63 /home/vagrant/code/antasus-dev2/vendor/fideloper/proxy/src/TrustProxies.php(57): Illuminate\\Pipeline\\Pipeline->Illuminate\\Pipeline\\{closure}()
#64 /home/vagrant/code/antasus-dev2/vendor/laravel/framework/src/Illuminate/Pipeline/Pipeline.php(167): Fideloper\\Proxy\\TrustProxies->handle()
#65 /home/vagrant/code/antasus-dev2/vendor/fruitcake/laravel-cors/src/HandleCors.php(38): Illuminate\\Pipeline\\Pipeline->Illuminate\\Pipeline\\{closure}()
#66 /home/vagrant/code/antasus-dev2/vendor/laravel/framework/src/Illuminate/Pipeline/Pipeline.php(167): Fruitcake\\Cors\\HandleCors->handle()
#67 /home/vagrant/code/antasus-dev2/vendor/laravel/framework/src/Illuminate/Pipeline/Pipeline.php(103): Illuminate\\Pipeline\\Pipeline->Illuminate\\Pipeline\\{closure}()
#68 /home/vagrant/code/antasus-dev2/vendor/laravel/framework/src/Illuminate/Foundation/Http/Kernel.php(142): Illuminate\\Pipeline\\Pipeline->then()
#69 /home/vagrant/code/antasus-dev2/vendor/laravel/framework/src/Illuminate/Foundation/Http/Kernel.php(111): Illuminate\\Foundation\\Http\\Kernel->sendRequestThroughRouter()
#70 /home/vagrant/code/antasus-dev2/public/index.php(53): Illuminate\\Foundation\\Http\\Kernel->handle()
#71 {main}

[previous exception] [object] (PDOException(code: 42S02): SQLSTATE[42S02]: Base table or view not found: 1146 Table 'antasus_db.announcements' doesn't exist at /home/vagrant/code/antasus-dev2/vendor/laravel/framework/src/Illuminate/Database/Connection.php:359)
[stacktrace]
#0 /home/vagrant/code/antasus-dev2/vendor/laravel/framework/src/Illuminate/Database/Connection.php(359): PDO->prepare()
#1 /home/vagrant/code/antasus-dev2/vendor/laravel/framework/src/Illuminate/Database/Connection.php(696): Illuminate\\Database\\Connection->Illuminate\\Database\\{closure}()
#2 /home/vagrant/code/antasus-dev2/vendor/laravel/framework/src/Illuminate/Database/Connection.php(663): Illuminate\\Database\\Connection->runQueryCallback()
#3 /home/vagrant/code/antasus-dev2/vendor/laravel/framework/src/Illuminate/Database/Connection.php(367): Illuminate\\Database\\Connection->run()
#4 /home/vagrant/code/antasus-dev2/vendor/laravel/framework/src/Illuminate/Database/Query/Builder.php(2352): Illuminate\\Database\\Connection->select()
#5 /home/vagrant/code/antasus-dev2/vendor/laravel/framework/src/Illuminate/Database/Query/Builder.php(2340): Illuminate\\Database\\Query\\Builder->runSelect()
#6 /home/vagrant/code/antasus-dev2/vendor/laravel/framework/src/Illuminate/Database/Query/Builder.php(2874): Illuminate\\Database\\Query\\Builder->Illuminate\\Database\\Query\\{closure}()
#7 /home/vagrant/code/antasus-dev2/vendor/laravel/framework/src/Illuminate/Database/Query/Builder.php(2341): Illuminate\\Database\\Query\\Builder->onceWithColumns()
#8 /home/vagrant/code/antasus-dev2/vendor/laravel/framework/src/Illuminate/Database/Eloquent/Builder.php(625): Illuminate\\Database\\Query\\Builder->get()
#9 /home/vagrant/code/antasus-dev2/vendor/laravel/framework/src/Illuminate/Database/Eloquent/Builder.php(609): Illuminate\\Database\\Eloquent\\Builder->getModels()
#10 /home/vagrant/code/antasus-dev2/app/Domains/Announcement/Services/AnnouncementService.php(38): Illuminate\\Database\\Eloquent\\Builder->get()
#11 /home/vagrant/code/antasus-dev2/app/Providers/ComposerServiceProvider.php(26): App\\Domains\\Announcement\\Services\\AnnouncementService->getForFrontend()
#12 /home/vagrant/code/antasus-dev2/vendor/laravel/framework/src/Illuminate/Events/Dispatcher.php(404): App\\Providers\\ComposerServiceProvider->App\\Providers\\{closure}()
#13 /home/vagrant/code/antasus-dev2/vendor/laravel/framework/src/Illuminate/Events/Dispatcher.php(249): Illuminate\\Events\\Dispatcher->Illuminate\\Events\\{closure}()
#14 /home/vagrant/code/antasus-dev2/vendor/laravel/framework/src/Illuminate/View/Concerns/ManagesEvents.php(177): Illuminate\\Events\\Dispatcher->dispatch()
#15 /home/vagrant/code/antasus-dev2/vendor/laravel/framework/src/Illuminate/View/View.php(120): Illuminate\\View\\Factory->callComposer()
#16 /home/vagrant/code/antasus-dev2/vendor/laravel/framework/src/Illuminate/View/View.php(91): Illuminate\\View\\View->renderContents()
#17 /home/vagrant/code/antasus-dev2/vendor/laravel/framework/src/Illuminate/Http/Response.php(69): Illuminate\\View\\View->render()
#18 /home/vagrant/code/antasus-dev2/vendor/laravel/framework/src/Illuminate/Http/Response.php(35): Illuminate\\Http\\Response->setContent()
#19 /home/vagrant/code/antasus-dev2/vendor/laravel/framework/src/Illuminate/Routing/Router.php(794): Illuminate\\Http\\Response->__construct()
#20 /home/vagrant/code/antasus-dev2/vendor/laravel/framework/src/Illuminate/Routing/Router.php(763): Illuminate\\Routing\\Router::toResponse()
#21 /home/vagrant/code/antasus-dev2/vendor/laravel/framework/src/Illuminate/Routing/Router.php(695): Illuminate\\Routing\\Router->prepareResponse()
#22 /home/vagrant/code/antasus-dev2/vendor/laravel/framework/src/Illuminate/Pipeline/Pipeline.php(128): Illuminate\\Routing\\Router->Illuminate\\Routing\\{closure}()
#23 /home/vagrant/code/antasus-dev2/app/Http/Middleware/LastUserActivity.php(29): Illuminate\\Pipeline\\Pipeline->Illuminate\\Pipeline\\{closure}()
#24 /home/vagrant/code/antasus-dev2/vendor/laravel/framework/src/Illuminate/Pipeline/Pipeline.php(167): App\\Http\\Middleware\\LastUserActivity->handle()
#25 /home/vagrant/code/antasus-dev2/app/Domains/Auth/Http/Middleware/ToBeLoggedOut.php(32): Illuminate\\Pipeline\\Pipeline->Illuminate\\Pipeline\\{closure}()
#26 /home/vagrant/code/antasus-dev2/vendor/laravel/framework/src/Illuminate/Pipeline/Pipeline.php(167): App\\Domains\\Auth\\Http\\Middleware\\ToBeLoggedOut->handle()
#27 /home/vagrant/code/antasus-dev2/vendor/laravel/framework/src/Illuminate/Routing/Middleware/SubstituteBindings.php(50): Illuminate\\Pipeline\\Pipeline->Illuminate\\Pipeline\\{closure}()
#28 /home/vagrant/code/antasus-dev2/vendor/laravel/framework/src/Illuminate/Pipeline/Pipeline.php(167): Illuminate\\Routing\\Middleware\\SubstituteBindings->handle()
#29 /home/vagrant/code/antasus-dev2/app/Http/Middleware/LocaleMiddleware.php(27): Illuminate\\Pipeline\\Pipeline->Illuminate\\Pipeline\\{closure}()
#30 /home/vagrant/code/antasus-dev2/vendor/laravel/framework/src/Illuminate/Pipeline/Pipeline.php(167): App\\Http\\Middleware\\LocaleMiddleware->handle()
#31 /home/vagrant/code/antasus-dev2/vendor/laravel/framework/src/Illuminate/Foundation/Http/Middleware/VerifyCsrfToken.php(78): Illuminate\\Pipeline\\Pipeline->Illuminate\\Pipeline\\{closure}()
#32 /home/vagrant/code/antasus-dev2/vendor/laravel/framework/src/Illuminate/Pipeline/Pipeline.php(167): Illuminate\\Foundation\\Http\\Middleware\\VerifyCsrfToken->handle()
#33 /home/vagrant/code/antasus-dev2/vendor/laravel/framework/src/Illuminate/View/Middleware/ShareErrorsFromSession.php(49): Illuminate\\Pipeline\\Pipeline->Illuminate\\Pipeline\\{closure}()
#34 /home/vagrant/code/antasus-dev2/vendor/laravel/framework/src/Illuminate/Pipeline/Pipeline.php(167): Illuminate\\View\\Middleware\\ShareErrorsFromSession->handle()
#35 /home/vagrant/code/antasus-dev2/vendor/laravel/framework/src/Illuminate/Session/Middleware/StartSession.php(121): Illuminate\\Pipeline\\Pipeline->Illuminate\\Pipeline\\{closure}()
#36 /home/vagrant/code/antasus-dev2/vendor/laravel/framework/src/Illuminate/Session/Middleware/StartSession.php(64): Illuminate\\Session\\Middleware\\StartSession->handleStatefulRequest()
#37 /home/vagrant/code/antasus-dev2/vendor/laravel/framework/src/Illuminate/Pipeline/Pipeline.php(167): Illuminate\\Session\\Middleware\\StartSession->handle()
#38 /home/vagrant/code/antasus-dev2/vendor/laravel/framework/src/Illuminate/Cookie/Middleware/AddQueuedCookiesToResponse.php(37): Illuminate\\Pipeline\\Pipeline->Illuminate\\Pipeline\\{closure}()
#39 /home/vagrant/code/antasus-dev2/vendor/laravel/framework/src/Illuminate/Pipeline/Pipeline.php(167): Illuminate\\Cookie\\Middleware\\AddQueuedCookiesToResponse->handle()
#40 /home/vagrant/code/antasus-dev2/vendor/laravel/framework/src/Illuminate/Cookie/Middleware/EncryptCookies.php(67): Illuminate\\Pipeline\\Pipeline->Illuminate\\Pipeline\\{closure}()
#41 /home/vagrant/code/antasus-dev2/vendor/laravel/framework/src/Illuminate/Pipeline/Pipeline.php(167): Illuminate\\Cookie\\Middleware\\EncryptCookies->handle()
#42 /home/vagrant/code/antasus-dev2/vendor/laravel/framework/src/Illuminate/Pipeline/Pipeline.php(103): Illuminate\\Pipeline\\Pipeline->Illuminate\\Pipeline\\{closure}()
#43 /home/vagrant/code/antasus-dev2/vendor/laravel/framework/src/Illuminate/Routing/Router.php(697): Illuminate\\Pipeline\\Pipeline->then()
#44 /home/vagrant/code/antasus-dev2/vendor/laravel/framework/src/Illuminate/Routing/Router.php(672): Illuminate\\Routing\\Router->runRouteWithinStack()
#45 /home/vagrant/code/antasus-dev2/vendor/laravel/framework/src/Illuminate/Routing/Router.php(636): Illuminate\\Routing\\Router->runRoute()
#46 /home/vagrant/code/antasus-dev2/vendor/laravel/framework/src/Illuminate/Routing/Router.php(625): Illuminate\\Routing\\Router->dispatchToRoute()
#47 /home/vagrant/code/antasus-dev2/vendor/laravel/framework/src/Illuminate/Foundation/Http/Kernel.php(167): Illuminate\\Routing\\Router->dispatch()
#48 /home/vagrant/code/antasus-dev2/vendor/laravel/framework/src/Illuminate/Pipeline/Pipeline.php(128): Illuminate\\Foundation\\Http\\Kernel->Illuminate\\Foundation\\Http\\{closure}()
#49 /home/vagrant/code/antasus-dev2/vendor/livewire/livewire/src/DisableBrowserCache.php(19): Illuminate\\Pipeline\\Pipeline->Illuminate\\Pipeline\\{closure}()
#50 /home/vagrant/code/antasus-dev2/vendor/laravel/framework/src/Illuminate/Pipeline/Pipeline.php(167): Livewire\\DisableBrowserCache->handle()
#51 /home/vagrant/code/antasus-dev2/vendor/barryvdh/laravel-debugbar/src/Middleware/InjectDebugbar.php(67): Illuminate\\Pipeline\\Pipeline->Illuminate\\Pipeline\\{closure}()
#52 /home/vagrant/code/antasus-dev2/vendor/laravel/framework/src/Illuminate/Pipeline/Pipeline.php(167): Barryvdh\\Debugbar\\Middleware\\InjectDebugbar->handle()
#53 /home/vagrant/code/antasus-dev2/vendor/rappasoft/lockout/src/Http/Middleware/CheckForReadOnlyMode.php(48): Illuminate\\Pipeline\\Pipeline->Illuminate\\Pipeline\\{closure}()
#54 /home/vagrant/code/antasus-dev2/vendor/laravel/framework/src/Illuminate/Pipeline/Pipeline.php(167): Rappasoft\\Lockout\\Http\\Middleware\\CheckForReadOnlyMode->handle()
#55 /home/vagrant/code/antasus-dev2/vendor/laravel/framework/src/Illuminate/Foundation/Http/Middleware/TransformsRequest.php(21): Illuminate\\Pipeline\\Pipeline->Illuminate\\Pipeline\\{closure}()
#56 /home/vagrant/code/antasus-dev2/vendor/laravel/framework/src/Illuminate/Foundation/Http/Middleware/ConvertEmptyStringsToNull.php(31): Illuminate\\Foundation\\Http\\Middleware\\TransformsRequest->handle()
#57 /home/vagrant/code/antasus-dev2/vendor/laravel/framework/src/Illuminate/Pipeline/Pipeline.php(167): Illuminate\\Foundation\\Http\\Middleware\\ConvertEmptyStringsToNull->handle()
#58 /home/vagrant/code/antasus-dev2/vendor/laravel/framework/src/Illuminate/Foundation/Http/Middleware/TransformsRequest.php(21): Illuminate\\Pipeline\\Pipeline->Illuminate\\Pipeline\\{closure}()
#59 /home/vagrant/code/antasus-dev2/vendor/laravel/framework/src/Illuminate/Foundation/Http/Middleware/TrimStrings.php(40): Illuminate\\Foundation\\Http\\Middleware\\TransformsRequest->handle()
#60 /home/vagrant/code/antasus-dev2/vendor/laravel/framework/src/Illuminate/Pipeline/Pipeline.php(167): Illuminate\\Foundation\\Http\\Middleware\\TrimStrings->handle()
#61 /home/vagrant/code/antasus-dev2/vendor/laravel/framework/src/Illuminate/Foundation/Http/Middleware/ValidatePostSize.php(27): Illuminate\\Pipeline\\Pipeline->Illuminate\\Pipeline\\{closure}()
#62 /home/vagrant/code/antasus-dev2/vendor/laravel/framework/src/Illuminate/Pipeline/Pipeline.php(167): Illuminate\\Foundation\\Http\\Middleware\\ValidatePostSize->handle()
#63 /home/vagrant/code/antasus-dev2/vendor/laravel/framework/src/Illuminate/Foundation/Http/Middleware/PreventRequestsDuringMaintenance.php(86): Illuminate\\Pipeline\\Pipeline->Illuminate\\Pipeline\\{closure}()
#64 /home/vagrant/code/antasus-dev2/vendor/laravel/framework/src/Illuminate/Pipeline/Pipeline.php(167): Illuminate\\Foundation\\Http\\Middleware\\PreventRequestsDuringMaintenance->handle()
#65 /home/vagrant/code/antasus-dev2/vendor/fideloper/proxy/src/TrustProxies.php(57): Illuminate\\Pipeline\\Pipeline->Illuminate\\Pipeline\\{closure}()
#66 /home/vagrant/code/antasus-dev2/vendor/laravel/framework/src/Illuminate/Pipeline/Pipeline.php(167): Fideloper\\Proxy\\TrustProxies->handle()
#67 /home/vagrant/code/antasus-dev2/vendor/fruitcake/laravel-cors/src/HandleCors.php(38): Illuminate\\Pipeline\\Pipeline->Illuminate\\Pipeline\\{closure}()
#68 /home/vagrant/code/antasus-dev2/vendor/laravel/framework/src/Illuminate/Pipeline/Pipeline.php(167): Fruitcake\\Cors\\HandleCors->handle()
#69 /home/vagrant/code/antasus-dev2/vendor/laravel/framework/src/Illuminate/Pipeline/Pipeline.php(103): Illuminate\\Pipeline\\Pipeline->Illuminate\\Pipeline\\{closure}()
#70 /home/vagrant/code/antasus-dev2/vendor/laravel/framework/src/Illuminate/Foundation/Http/Kernel.php(142): Illuminate\\Pipeline\\Pipeline->then()
#71 /home/vagrant/code/antasus-dev2/vendor/laravel/framework/src/Illuminate/Foundation/Http/Kernel.php(111): Illuminate\\Foundation\\Http\\Kernel->sendRequestThroughRouter()
#72 /home/vagrant/code/antasus-dev2/public/index.php(53): Illuminate\\Foundation\\Http\\Kernel->handle()
#73 {main}
"} 
[2021-12-28 23:51:45] local.ERROR: SQLSTATE[42S02]: Base table or view not found: 1146 Table 'antasus_db.two_factor_authentications' doesn't exist (SQL: select * from `two_factor_authentications` where `two_factor_authentications`.`authenticatable_id` = 6 and `two_factor_authentications`.`authenticatable_id` is not null and `two_factor_authentications`.`authenticatable_type` = App\Domains\Auth\Models\User limit 1) {"exception":"[object] (Illuminate\\Database\\QueryException(code: 42S02): SQLSTATE[42S02]: Base table or view not found: 1146 Table 'antasus_db.two_factor_authentications' doesn't exist (SQL: select * from `two_factor_authentications` where `two_factor_authentications`.`authenticatable_id` = 6 and `two_factor_authentications`.`authenticatable_id` is not null and `two_factor_authentications`.`authenticatable_type` = App\\Domains\\Auth\\Models\\User limit 1) at /home/vagrant/code/antasus-dev2/vendor/laravel/framework/src/Illuminate/Database/Connection.php:703)
[stacktrace]
#0 /home/vagrant/code/antasus-dev2/vendor/laravel/framework/src/Illuminate/Database/Connection.php(663): Illuminate\\Database\\Connection->runQueryCallback()
#1 /home/vagrant/code/antasus-dev2/vendor/laravel/framework/src/Illuminate/Database/Connection.php(367): Illuminate\\Database\\Connection->run()
#2 /home/vagrant/code/antasus-dev2/vendor/laravel/framework/src/Illuminate/Database/Query/Builder.php(2352): Illuminate\\Database\\Connection->select()
#3 /home/vagrant/code/antasus-dev2/vendor/laravel/framework/src/Illuminate/Database/Query/Builder.php(2340): Illuminate\\Database\\Query\\Builder->runSelect()
#4 /home/vagrant/code/antasus-dev2/vendor/laravel/framework/src/Illuminate/Database/Query/Builder.php(2874): Illuminate\\Database\\Query\\Builder->Illuminate\\Database\\Query\\{closure}()
#5 /home/vagrant/code/antasus-dev2/vendor/laravel/framework/src/Illuminate/Database/Query/Builder.php(2341): Illuminate\\Database\\Query\\Builder->onceWithColumns()
#6 /home/vagrant/code/antasus-dev2/vendor/laravel/framework/src/Illuminate/Database/Eloquent/Builder.php(625): Illuminate\\Database\\Query\\Builder->get()
#7 /home/vagrant/code/antasus-dev2/vendor/laravel/framework/src/Illuminate/Database/Eloquent/Builder.php(609): Illuminate\\Database\\Eloquent\\Builder->getModels()
#8 /home/vagrant/code/antasus-dev2/vendor/laravel/framework/src/Illuminate/Database/Concerns/BuildsQueries.php(294): Illuminate\\Database\\Eloquent\\Builder->get()
#9 /home/vagrant/code/antasus-dev2/vendor/laravel/framework/src/Illuminate/Database/Eloquent/Relations/MorphOne.php(29): Illuminate\\Database\\Eloquent\\Builder->first()
#10 /home/vagrant/code/antasus-dev2/vendor/laravel/framework/src/Illuminate/Database/Eloquent/Concerns/HasAttributes.php(538): Illuminate\\Database\\Eloquent\\Relations\\MorphOne->getResults()
#11 /home/vagrant/code/antasus-dev2/vendor/laravel/framework/src/Illuminate/Database/Eloquent/Concerns/HasAttributes.php(484): Illuminate\\Database\\Eloquent\\Model->getRelationshipFromMethod()
#12 /home/vagrant/code/antasus-dev2/vendor/laravel/framework/src/Illuminate/Database/Eloquent/Concerns/HasAttributes.php(433): Illuminate\\Database\\Eloquent\\Model->getRelationValue()
#13 /home/vagrant/code/antasus-dev2/vendor/laravel/framework/src/Illuminate/Database/Eloquent/Model.php(2029): Illuminate\\Database\\Eloquent\\Model->getAttribute()
#14 /home/vagrant/code/antasus-dev2/vendor/darkghosthunter/laraguard/src/TwoFactorAuthentication.php(42): Illuminate\\Database\\Eloquent\\Model->__get()
#15 /home/vagrant/code/antasus-dev2/vendor/darkghosthunter/laraguard/src/Listeners/ChecksTwoFactorCode.php(21): App\\Domains\\Auth\\Models\\User->hasTwoFactorEnabled()
#16 /home/vagrant/code/antasus-dev2/vendor/darkghosthunter/laraguard/src/Listeners/EnforceTwoFactorAuth.php(84): DarkGhostHunter\\Laraguard\\Listeners\\EnforceTwoFactorAuth->shouldUseTwoFactorAuth()
#17 /home/vagrant/code/antasus-dev2/vendor/laravel/framework/src/Illuminate/Events/Dispatcher.php(424): DarkGhostHunter\\Laraguard\\Listeners\\EnforceTwoFactorAuth->checkTwoFactor()
#18 /home/vagrant/code/antasus-dev2/vendor/laravel/framework/src/Illuminate/Events/Dispatcher.php(249): Illuminate\\Events\\Dispatcher->Illuminate\\Events\\{closure}()
#19 /home/vagrant/code/antasus-dev2/vendor/laravel/framework/src/Illuminate/Auth/SessionGuard.php(719): Illuminate\\Events\\Dispatcher->dispatch()
#20 /home/vagrant/code/antasus-dev2/vendor/laravel/framework/src/Illuminate/Auth/SessionGuard.php(425): Illuminate\\Auth\\SessionGuard->fireValidatedEvent()
#21 /home/vagrant/code/antasus-dev2/vendor/laravel/framework/src/Illuminate/Auth/SessionGuard.php(371): Illuminate\\Auth\\SessionGuard->hasValidCredentials()
#22 /home/vagrant/code/antasus-dev2/app/Domains/Auth/Http/Controllers/Frontend/Auth/LoginController.php(87): Illuminate\\Auth\\SessionGuard->attempt()
#23 /home/vagrant/code/antasus-dev2/vendor/laravel/ui/auth-backend/AuthenticatesUsers.php(46): App\\Domains\\Auth\\Http\\Controllers\\Frontend\\Auth\\LoginController->attemptLogin()
#24 /home/vagrant/code/antasus-dev2/vendor/laravel/framework/src/Illuminate/Routing/Controller.php(54): App\\Domains\\Auth\\Http\\Controllers\\Frontend\\Auth\\LoginController->login()
#25 /home/vagrant/code/antasus-dev2/vendor/laravel/framework/src/Illuminate/Routing/ControllerDispatcher.php(45): Illuminate\\Routing\\Controller->callAction()
#26 /home/vagrant/code/antasus-dev2/vendor/laravel/framework/src/Illuminate/Routing/Route.php(262): Illuminate\\Routing\\ControllerDispatcher->dispatch()
#27 /home/vagrant/code/antasus-dev2/vendor/laravel/framework/src/Illuminate/Routing/Route.php(205): Illuminate\\Routing\\Route->runController()
#28 /home/vagrant/code/antasus-dev2/vendor/laravel/framework/src/Illuminate/Routing/Router.php(695): Illuminate\\Routing\\Route->run()
#29 /home/vagrant/code/antasus-dev2/vendor/laravel/framework/src/Illuminate/Pipeline/Pipeline.php(128): Illuminate\\Routing\\Router->Illuminate\\Routing\\{closure}()
#30 /home/vagrant/code/antasus-dev2/app/Http/Middleware/RedirectIfAuthenticated.php(28): Illuminate\\Pipeline\\Pipeline->Illuminate\\Pipeline\\{closure}()
#31 /home/vagrant/code/antasus-dev2/vendor/laravel/framework/src/Illuminate/Pipeline/Pipeline.php(167): App\\Http\\Middleware\\RedirectIfAuthenticated->handle()
#32 /home/vagrant/code/antasus-dev2/app/Http/Middleware/LastUserActivity.php(29): Illuminate\\Pipeline\\Pipeline->Illuminate\\Pipeline\\{closure}()
#33 /home/vagrant/code/antasus-dev2/vendor/laravel/framework/src/Illuminate/Pipeline/Pipeline.php(167): App\\Http\\Middleware\\LastUserActivity->handle()
#34 /home/vagrant/code/antasus-dev2/app/Domains/Auth/Http/Middleware/ToBeLoggedOut.php(32): Illuminate\\Pipeline\\Pipeline->Illuminate\\Pipeline\\{closure}()
#35 /home/vagrant/code/antasus-dev2/vendor/laravel/framework/src/Illuminate/Pipeline/Pipeline.php(167): App\\Domains\\Auth\\Http\\Middleware\\ToBeLoggedOut->handle()
#36 /home/vagrant/code/antasus-dev2/vendor/laravel/framework/src/Illuminate/Routing/Middleware/SubstituteBindings.php(50): Illuminate\\Pipeline\\Pipeline->Illuminate\\Pipeline\\{closure}()
#37 /home/vagrant/code/antasus-dev2/vendor/laravel/framework/src/Illuminate/Pipeline/Pipeline.php(167): Illuminate\\Routing\\Middleware\\SubstituteBindings->handle()
#38 /home/vagrant/code/antasus-dev2/app/Http/Middleware/LocaleMiddleware.php(27): Illuminate\\Pipeline\\Pipeline->Illuminate\\Pipeline\\{closure}()
#39 /home/vagrant/code/antasus-dev2/vendor/laravel/framework/src/Illuminate/Pipeline/Pipeline.php(167): App\\Http\\Middleware\\LocaleMiddleware->handle()
#40 /home/vagrant/code/antasus-dev2/vendor/laravel/framework/src/Illuminate/Foundation/Http/Middleware/VerifyCsrfToken.php(78): Illuminate\\Pipeline\\Pipeline->Illuminate\\Pipeline\\{closure}()
#41 /home/vagrant/code/antasus-dev2/vendor/laravel/framework/src/Illuminate/Pipeline/Pipeline.php(167): Illuminate\\Foundation\\Http\\Middleware\\VerifyCsrfToken->handle()
#42 /home/vagrant/code/antasus-dev2/vendor/laravel/framework/src/Illuminate/View/Middleware/ShareErrorsFromSession.php(49): Illuminate\\Pipeline\\Pipeline->Illuminate\\Pipeline\\{closure}()
#43 /home/vagrant/code/antasus-dev2/vendor/laravel/framework/src/Illuminate/Pipeline/Pipeline.php(167): Illuminate\\View\\Middleware\\ShareErrorsFromSession->handle()
#44 /home/vagrant/code/antasus-dev2/vendor/laravel/framework/src/Illuminate/Session/Middleware/StartSession.php(121): Illuminate\\Pipeline\\Pipeline->Illuminate\\Pipeline\\{closure}()
#45 /home/vagrant/code/antasus-dev2/vendor/laravel/framework/src/Illuminate/Session/Middleware/StartSession.php(64): Illuminate\\Session\\Middleware\\StartSession->handleStatefulRequest()
#46 /home/vagrant/code/antasus-dev2/vendor/laravel/framework/src/Illuminate/Pipeline/Pipeline.php(167): Illuminate\\Session\\Middleware\\StartSession->handle()
#47 /home/vagrant/code/antasus-dev2/vendor/laravel/framework/src/Illuminate/Cookie/Middleware/AddQueuedCookiesToResponse.php(37): Illuminate\\Pipeline\\Pipeline->Illuminate\\Pipeline\\{closure}()
#48 /home/vagrant/code/antasus-dev2/vendor/laravel/framework/src/Illuminate/Pipeline/Pipeline.php(167): Illuminate\\Cookie\\Middleware\\AddQueuedCookiesToResponse->handle()
#49 /home/vagrant/code/antasus-dev2/vendor/laravel/framework/src/Illuminate/Cookie/Middleware/EncryptCookies.php(67): Illuminate\\Pipeline\\Pipeline->Illuminate\\Pipeline\\{closure}()
#50 /home/vagrant/code/antasus-dev2/vendor/laravel/framework/src/Illuminate/Pipeline/Pipeline.php(167): Illuminate\\Cookie\\Middleware\\EncryptCookies->handle()
#51 /home/vagrant/code/antasus-dev2/vendor/laravel/framework/src/Illuminate/Pipeline/Pipeline.php(103): Illuminate\\Pipeline\\Pipeline->Illuminate\\Pipeline\\{closure}()
#52 /home/vagrant/code/antasus-dev2/vendor/laravel/framework/src/Illuminate/Routing/Router.php(697): Illuminate\\Pipeline\\Pipeline->then()
#53 /home/vagrant/code/antasus-dev2/vendor/laravel/framework/src/Illuminate/Routing/Router.php(672): Illuminate\\Routing\\Router->runRouteWithinStack()
#54 /home/vagrant/code/antasus-dev2/vendor/laravel/framework/src/Illuminate/Routing/Router.php(636): Illuminate\\Routing\\Router->runRoute()
#55 /home/vagrant/code/antasus-dev2/vendor/laravel/framework/src/Illuminate/Routing/Router.php(625): Illuminate\\Routing\\Router->dispatchToRoute()
#56 /home/vagrant/code/antasus-dev2/vendor/laravel/framework/src/Illuminate/Foundation/Http/Kernel.php(167): Illuminate\\Routing\\Router->dispatch()
#57 /home/vagrant/code/antasus-dev2/vendor/laravel/framework/src/Illuminate/Pipeline/Pipeline.php(128): Illuminate\\Foundation\\Http\\Kernel->Illuminate\\Foundation\\Http\\{closure}()
#58 /home/vagrant/code/antasus-dev2/vendor/livewire/livewire/src/DisableBrowserCache.php(19): Illuminate\\Pipeline\\Pipeline->Illuminate\\Pipeline\\{closure}()
#59 /home/vagrant/code/antasus-dev2/vendor/laravel/framework/src/Illuminate/Pipeline/Pipeline.php(167): Livewire\\DisableBrowserCache->handle()
#60 /home/vagrant/code/antasus-dev2/vendor/barryvdh/laravel-debugbar/src/Middleware/InjectDebugbar.php(67): Illuminate\\Pipeline\\Pipeline->Illuminate\\Pipeline\\{closure}()
#61 /home/vagrant/code/antasus-dev2/vendor/laravel/framework/src/Illuminate/Pipeline/Pipeline.php(167): Barryvdh\\Debugbar\\Middleware\\InjectDebugbar->handle()
#62 /home/vagrant/code/antasus-dev2/vendor/rappasoft/lockout/src/Http/Middleware/CheckForReadOnlyMode.php(48): Illuminate\\Pipeline\\Pipeline->Illuminate\\Pipeline\\{closure}()
#63 /home/vagrant/code/antasus-dev2/vendor/laravel/framework/src/Illuminate/Pipeline/Pipeline.php(167): Rappasoft\\Lockout\\Http\\Middleware\\CheckForReadOnlyMode->handle()
#64 /home/vagrant/code/antasus-dev2/vendor/laravel/framework/src/Illuminate/Foundation/Http/Middleware/TransformsRequest.php(21): Illuminate\\Pipeline\\Pipeline->Illuminate\\Pipeline\\{closure}()
#65 /home/vagrant/code/antasus-dev2/vendor/laravel/framework/src/Illuminate/Foundation/Http/Middleware/ConvertEmptyStringsToNull.php(31): Illuminate\\Foundation\\Http\\Middleware\\TransformsRequest->handle()
#66 /home/vagrant/code/antasus-dev2/vendor/laravel/framework/src/Illuminate/Pipeline/Pipeline.php(167): Illuminate\\Foundation\\Http\\Middleware\\ConvertEmptyStringsToNull->handle()
#67 /home/vagrant/code/antasus-dev2/vendor/laravel/framework/src/Illuminate/Foundation/Http/Middleware/TransformsRequest.php(21): Illuminate\\Pipeline\\Pipeline->Illuminate\\Pipeline\\{closure}()
#68 /home/vagrant/code/antasus-dev2/vendor/laravel/framework/src/Illuminate/Foundation/Http/Middleware/TrimStrings.php(40): Illuminate\\Foundation\\Http\\Middleware\\TransformsRequest->handle()
#69 /home/vagrant/code/antasus-dev2/vendor/laravel/framework/src/Illuminate/Pipeline/Pipeline.php(167): Illuminate\\Foundation\\Http\\Middleware\\TrimStrings->handle()
#70 /home/vagrant/code/antasus-dev2/vendor/laravel/framework/src/Illuminate/Foundation/Http/Middleware/ValidatePostSize.php(27): Illuminate\\Pipeline\\Pipeline->Illuminate\\Pipeline\\{closure}()
#71 /home/vagrant/code/antasus-dev2/vendor/laravel/framework/src/Illuminate/Pipeline/Pipeline.php(167): Illuminate\\Foundation\\Http\\Middleware\\ValidatePostSize->handle()
#72 /home/vagrant/code/antasus-dev2/vendor/laravel/framework/src/Illuminate/Foundation/Http/Middleware/PreventRequestsDuringMaintenance.php(86): Illuminate\\Pipeline\\Pipeline->Illuminate\\Pipeline\\{closure}()
#73 /home/vagrant/code/antasus-dev2/vendor/laravel/framework/src/Illuminate/Pipeline/Pipeline.php(167): Illuminate\\Foundation\\Http\\Middleware\\PreventRequestsDuringMaintenance->handle()
#74 /home/vagrant/code/antasus-dev2/vendor/fideloper/proxy/src/TrustProxies.php(57): Illuminate\\Pipeline\\Pipeline->Illuminate\\Pipeline\\{closure}()
#75 /home/vagrant/code/antasus-dev2/vendor/laravel/framework/src/Illuminate/Pipeline/Pipeline.php(167): Fideloper\\Proxy\\TrustProxies->handle()
#76 /home/vagrant/code/antasus-dev2/vendor/fruitcake/laravel-cors/src/HandleCors.php(38): Illuminate\\Pipeline\\Pipeline->Illuminate\\Pipeline\\{closure}()
#77 /home/vagrant/code/antasus-dev2/vendor/laravel/framework/src/Illuminate/Pipeline/Pipeline.php(167): Fruitcake\\Cors\\HandleCors->handle()
#78 /home/vagrant/code/antasus-dev2/vendor/laravel/framework/src/Illuminate/Pipeline/Pipeline.php(103): Illuminate\\Pipeline\\Pipeline->Illuminate\\Pipeline\\{closure}()
#79 /home/vagrant/code/antasus-dev2/vendor/laravel/framework/src/Illuminate/Foundation/Http/Kernel.php(142): Illuminate\\Pipeline\\Pipeline->then()
#80 /home/vagrant/code/antasus-dev2/vendor/laravel/framework/src/Illuminate/Foundation/Http/Kernel.php(111): Illuminate\\Foundation\\Http\\Kernel->sendRequestThroughRouter()
#81 /home/vagrant/code/antasus-dev2/public/index.php(53): Illuminate\\Foundation\\Http\\Kernel->handle()
#82 {main}

[previous exception] [object] (PDOException(code: 42S02): SQLSTATE[42S02]: Base table or view not found: 1146 Table 'antasus_db.two_factor_authentications' doesn't exist at /home/vagrant/code/antasus-dev2/vendor/laravel/framework/src/Illuminate/Database/Connection.php:359)
[stacktrace]
#0 /home/vagrant/code/antasus-dev2/vendor/laravel/framework/src/Illuminate/Database/Connection.php(359): PDO->prepare()
#1 /home/vagrant/code/antasus-dev2/vendor/laravel/framework/src/Illuminate/Database/Connection.php(696): Illuminate\\Database\\Connection->Illuminate\\Database\\{closure}()
#2 /home/vagrant/code/antasus-dev2/vendor/laravel/framework/src/Illuminate/Database/Connection.php(663): Illuminate\\Database\\Connection->runQueryCallback()
#3 /home/vagrant/code/antasus-dev2/vendor/laravel/framework/src/Illuminate/Database/Connection.php(367): Illuminate\\Database\\Connection->run()
#4 /home/vagrant/code/antasus-dev2/vendor/laravel/framework/src/Illuminate/Database/Query/Builder.php(2352): Illuminate\\Database\\Connection->select()
#5 /home/vagrant/code/antasus-dev2/vendor/laravel/framework/src/Illuminate/Database/Query/Builder.php(2340): Illuminate\\Database\\Query\\Builder->runSelect()
#6 /home/vagrant/code/antasus-dev2/vendor/laravel/framework/src/Illuminate/Database/Query/Builder.php(2874): Illuminate\\Database\\Query\\Builder->Illuminate\\Database\\Query\\{closure}()
#7 /home/vagrant/code/antasus-dev2/vendor/laravel/framework/src/Illuminate/Database/Query/Builder.php(2341): Illuminate\\Database\\Query\\Builder->onceWithColumns()
#8 /home/vagrant/code/antasus-dev2/vendor/laravel/framework/src/Illuminate/Database/Eloquent/Builder.php(625): Illuminate\\Database\\Query\\Builder->get()
#9 /home/vagrant/code/antasus-dev2/vendor/laravel/framework/src/Illuminate/Database/Eloquent/Builder.php(609): Illuminate\\Database\\Eloquent\\Builder->getModels()
#10 /home/vagrant/code/antasus-dev2/vendor/laravel/framework/src/Illuminate/Database/Concerns/BuildsQueries.php(294): Illuminate\\Database\\Eloquent\\Builder->get()
#11 /home/vagrant/code/antasus-dev2/vendor/laravel/framework/src/Illuminate/Database/Eloquent/Relations/MorphOne.php(29): Illuminate\\Database\\Eloquent\\Builder->first()
#12 /home/vagrant/code/antasus-dev2/vendor/laravel/framework/src/Illuminate/Database/Eloquent/Concerns/HasAttributes.php(538): Illuminate\\Database\\Eloquent\\Relations\\MorphOne->getResults()
#13 /home/vagrant/code/antasus-dev2/vendor/laravel/framework/src/Illuminate/Database/Eloquent/Concerns/HasAttributes.php(484): Illuminate\\Database\\Eloquent\\Model->getRelationshipFromMethod()
#14 /home/vagrant/code/antasus-dev2/vendor/laravel/framework/src/Illuminate/Database/Eloquent/Concerns/HasAttributes.php(433): Illuminate\\Database\\Eloquent\\Model->getRelationValue()
#15 /home/vagrant/code/antasus-dev2/vendor/laravel/framework/src/Illuminate/Database/Eloquent/Model.php(2029): Illuminate\\Database\\Eloquent\\Model->getAttribute()
#16 /home/vagrant/code/antasus-dev2/vendor/darkghosthunter/laraguard/src/TwoFactorAuthentication.php(42): Illuminate\\Database\\Eloquent\\Model->__get()
#17 /home/vagrant/code/antasus-dev2/vendor/darkghosthunter/laraguard/src/Listeners/ChecksTwoFactorCode.php(21): App\\Domains\\Auth\\Models\\User->hasTwoFactorEnabled()
#18 /home/vagrant/code/antasus-dev2/vendor/darkghosthunter/laraguard/src/Listeners/EnforceTwoFactorAuth.php(84): DarkGhostHunter\\Laraguard\\Listeners\\EnforceTwoFactorAuth->shouldUseTwoFactorAuth()
#19 /home/vagrant/code/antasus-dev2/vendor/laravel/framework/src/Illuminate/Events/Dispatcher.php(424): DarkGhostHunter\\Laraguard\\Listeners\\EnforceTwoFactorAuth->checkTwoFactor()
#20 /home/vagrant/code/antasus-dev2/vendor/laravel/framework/src/Illuminate/Events/Dispatcher.php(249): Illuminate\\Events\\Dispatcher->Illuminate\\Events\\{closure}()
#21 /home/vagrant/code/antasus-dev2/vendor/laravel/framework/src/Illuminate/Auth/SessionGuard.php(719): Illuminate\\Events\\Dispatcher->dispatch()
#22 /home/vagrant/code/antasus-dev2/vendor/laravel/framework/src/Illuminate/Auth/SessionGuard.php(425): Illuminate\\Auth\\SessionGuard->fireValidatedEvent()
#23 /home/vagrant/code/antasus-dev2/vendor/laravel/framework/src/Illuminate/Auth/SessionGuard.php(371): Illuminate\\Auth\\SessionGuard->hasValidCredentials()
#24 /home/vagrant/code/antasus-dev2/app/Domains/Auth/Http/Controllers/Frontend/Auth/LoginController.php(87): Illuminate\\Auth\\SessionGuard->attempt()
#25 /home/vagrant/code/antasus-dev2/vendor/laravel/ui/auth-backend/AuthenticatesUsers.php(46): App\\Domains\\Auth\\Http\\Controllers\\Frontend\\Auth\\LoginController->attemptLogin()
#26 /home/vagrant/code/antasus-dev2/vendor/laravel/framework/src/Illuminate/Routing/Controller.php(54): App\\Domains\\Auth\\Http\\Controllers\\Frontend\\Auth\\LoginController->login()
#27 /home/vagrant/code/antasus-dev2/vendor/laravel/framework/src/Illuminate/Routing/ControllerDispatcher.php(45): Illuminate\\Routing\\Controller->callAction()
#28 /home/vagrant/code/antasus-dev2/vendor/laravel/framework/src/Illuminate/Routing/Route.php(262): Illuminate\\Routing\\ControllerDispatcher->dispatch()
#29 /home/vagrant/code/antasus-dev2/vendor/laravel/framework/src/Illuminate/Routing/Route.php(205): Illuminate\\Routing\\Route->runController()
#30 /home/vagrant/code/antasus-dev2/vendor/laravel/framework/src/Illuminate/Routing/Router.php(695): Illuminate\\Routing\\Route->run()
#31 /home/vagrant/code/antasus-dev2/vendor/laravel/framework/src/Illuminate/Pipeline/Pipeline.php(128): Illuminate\\Routing\\Router->Illuminate\\Routing\\{closure}()
#32 /home/vagrant/code/antasus-dev2/app/Http/Middleware/RedirectIfAuthenticated.php(28): Illuminate\\Pipeline\\Pipeline->Illuminate\\Pipeline\\{closure}()
#33 /home/vagrant/code/antasus-dev2/vendor/laravel/framework/src/Illuminate/Pipeline/Pipeline.php(167): App\\Http\\Middleware\\RedirectIfAuthenticated->handle()
#34 /home/vagrant/code/antasus-dev2/app/Http/Middleware/LastUserActivity.php(29): Illuminate\\Pipeline\\Pipeline->Illuminate\\Pipeline\\{closure}()
#35 /home/vagrant/code/antasus-dev2/vendor/laravel/framework/src/Illuminate/Pipeline/Pipeline.php(167): App\\Http\\Middleware\\LastUserActivity->handle()
#36 /home/vagrant/code/antasus-dev2/app/Domains/Auth/Http/Middleware/ToBeLoggedOut.php(32): Illuminate\\Pipeline\\Pipeline->Illuminate\\Pipeline\\{closure}()
#37 /home/vagrant/code/antasus-dev2/vendor/laravel/framework/src/Illuminate/Pipeline/Pipeline.php(167): App\\Domains\\Auth\\Http\\Middleware\\ToBeLoggedOut->handle()
#38 /home/vagrant/code/antasus-dev2/vendor/laravel/framework/src/Illuminate/Routing/Middleware/SubstituteBindings.php(50): Illuminate\\Pipeline\\Pipeline->Illuminate\\Pipeline\\{closure}()
#39 /home/vagrant/code/antasus-dev2/vendor/laravel/framework/src/Illuminate/Pipeline/Pipeline.php(167): Illuminate\\Routing\\Middleware\\SubstituteBindings->handle()
#40 /home/vagrant/code/antasus-dev2/app/Http/Middleware/LocaleMiddleware.php(27): Illuminate\\Pipeline\\Pipeline->Illuminate\\Pipeline\\{closure}()
#41 /home/vagrant/code/antasus-dev2/vendor/laravel/framework/src/Illuminate/Pipeline/Pipeline.php(167): App\\Http\\Middleware\\LocaleMiddleware->handle()
#42 /home/vagrant/code/antasus-dev2/vendor/laravel/framework/src/Illuminate/Foundation/Http/Middleware/VerifyCsrfToken.php(78): Illuminate\\Pipeline\\Pipeline->Illuminate\\Pipeline\\{closure}()
#43 /home/vagrant/code/antasus-dev2/vendor/laravel/framework/src/Illuminate/Pipeline/Pipeline.php(167): Illuminate\\Foundation\\Http\\Middleware\\VerifyCsrfToken->handle()
#44 /home/vagrant/code/antasus-dev2/vendor/laravel/framework/src/Illuminate/View/Middleware/ShareErrorsFromSession.php(49): Illuminate\\Pipeline\\Pipeline->Illuminate\\Pipeline\\{closure}()
#45 /home/vagrant/code/antasus-dev2/vendor/laravel/framework/src/Illuminate/Pipeline/Pipeline.php(167): Illuminate\\View\\Middleware\\ShareErrorsFromSession->handle()
#46 /home/vagrant/code/antasus-dev2/vendor/laravel/framework/src/Illuminate/Session/Middleware/StartSession.php(121): Illuminate\\Pipeline\\Pipeline->Illuminate\\Pipeline\\{closure}()
#47 /home/vagrant/code/antasus-dev2/vendor/laravel/framework/src/Illuminate/Session/Middleware/StartSession.php(64): Illuminate\\Session\\Middleware\\StartSession->handleStatefulRequest()
#48 /home/vagrant/code/antasus-dev2/vendor/laravel/framework/src/Illuminate/Pipeline/Pipeline.php(167): Illuminate\\Session\\Middleware\\StartSession->handle()
#49 /home/vagrant/code/antasus-dev2/vendor/laravel/framework/src/Illuminate/Cookie/Middleware/AddQueuedCookiesToResponse.php(37): Illuminate\\Pipeline\\Pipeline->Illuminate\\Pipeline\\{closure}()
#50 /home/vagrant/code/antasus-dev2/vendor/laravel/framework/src/Illuminate/Pipeline/Pipeline.php(167): Illuminate\\Cookie\\Middleware\\AddQueuedCookiesToResponse->handle()
#51 /home/vagrant/code/antasus-dev2/vendor/laravel/framework/src/Illuminate/Cookie/Middleware/EncryptCookies.php(67): Illuminate\\Pipeline\\Pipeline->Illuminate\\Pipeline\\{closure}()
#52 /home/vagrant/code/antasus-dev2/vendor/laravel/framework/src/Illuminate/Pipeline/Pipeline.php(167): Illuminate\\Cookie\\Middleware\\EncryptCookies->handle()
#53 /home/vagrant/code/antasus-dev2/vendor/laravel/framework/src/Illuminate/Pipeline/Pipeline.php(103): Illuminate\\Pipeline\\Pipeline->Illuminate\\Pipeline\\{closure}()
#54 /home/vagrant/code/antasus-dev2/vendor/laravel/framework/src/Illuminate/Routing/Router.php(697): Illuminate\\Pipeline\\Pipeline->then()
#55 /home/vagrant/code/antasus-dev2/vendor/laravel/framework/src/Illuminate/Routing/Router.php(672): Illuminate\\Routing\\Router->runRouteWithinStack()
#56 /home/vagrant/code/antasus-dev2/vendor/laravel/framework/src/Illuminate/Routing/Router.php(636): Illuminate\\Routing\\Router->runRoute()
#57 /home/vagrant/code/antasus-dev2/vendor/laravel/framework/src/Illuminate/Routing/Router.php(625): Illuminate\\Routing\\Router->dispatchToRoute()
#58 /home/vagrant/code/antasus-dev2/vendor/laravel/framework/src/Illuminate/Foundation/Http/Kernel.php(167): Illuminate\\Routing\\Router->dispatch()
#59 /home/vagrant/code/antasus-dev2/vendor/laravel/framework/src/Illuminate/Pipeline/Pipeline.php(128): Illuminate\\Foundation\\Http\\Kernel->Illuminate\\Foundation\\Http\\{closure}()
#60 /home/vagrant/code/antasus-dev2/vendor/livewire/livewire/src/DisableBrowserCache.php(19): Illuminate\\Pipeline\\Pipeline->Illuminate\\Pipeline\\{closure}()
#61 /home/vagrant/code/antasus-dev2/vendor/laravel/framework/src/Illuminate/Pipeline/Pipeline.php(167): Livewire\\DisableBrowserCache->handle()
#62 /home/vagrant/code/antasus-dev2/vendor/barryvdh/laravel-debugbar/src/Middleware/InjectDebugbar.php(67): Illuminate\\Pipeline\\Pipeline->Illuminate\\Pipeline\\{closure}()
#63 /home/vagrant/code/antasus-dev2/vendor/laravel/framework/src/Illuminate/Pipeline/Pipeline.php(167): Barryvdh\\Debugbar\\Middleware\\InjectDebugbar->handle()
#64 /home/vagrant/code/antasus-dev2/vendor/rappasoft/lockout/src/Http/Middleware/CheckForReadOnlyMode.php(48): Illuminate\\Pipeline\\Pipeline->Illuminate\\Pipeline\\{closure}()
#65 /home/vagrant/code/antasus-dev2/vendor/laravel/framework/src/Illuminate/Pipeline/Pipeline.php(167): Rappasoft\\Lockout\\Http\\Middleware\\CheckForReadOnlyMode->handle()
#66 /home/vagrant/code/antasus-dev2/vendor/laravel/framework/src/Illuminate/Foundation/Http/Middleware/TransformsRequest.php(21): Illuminate\\Pipeline\\Pipeline->Illuminate\\Pipeline\\{closure}()
#67 /home/vagrant/code/antasus-dev2/vendor/laravel/framework/src/Illuminate/Foundation/Http/Middleware/ConvertEmptyStringsToNull.php(31): Illuminate\\Foundation\\Http\\Middleware\\TransformsRequest->handle()
#68 /home/vagrant/code/antasus-dev2/vendor/laravel/framework/src/Illuminate/Pipeline/Pipeline.php(167): Illuminate\\Foundation\\Http\\Middleware\\ConvertEmptyStringsToNull->handle()
#69 /home/vagrant/code/antasus-dev2/vendor/laravel/framework/src/Illuminate/Foundation/Http/Middleware/TransformsRequest.php(21): Illuminate\\Pipeline\\Pipeline->Illuminate\\Pipeline\\{closure}()
#70 /home/vagrant/code/antasus-dev2/vendor/laravel/framework/src/Illuminate/Foundation/Http/Middleware/TrimStrings.php(40): Illuminate\\Foundation\\Http\\Middleware\\TransformsRequest->handle()
#71 /home/vagrant/code/antasus-dev2/vendor/laravel/framework/src/Illuminate/Pipeline/Pipeline.php(167): Illuminate\\Foundation\\Http\\Middleware\\TrimStrings->handle()
#72 /home/vagrant/code/antasus-dev2/vendor/laravel/framework/src/Illuminate/Foundation/Http/Middleware/ValidatePostSize.php(27): Illuminate\\Pipeline\\Pipeline->Illuminate\\Pipeline\\{closure}()
#73 /home/vagrant/code/antasus-dev2/vendor/laravel/framework/src/Illuminate/Pipeline/Pipeline.php(167): Illuminate\\Foundation\\Http\\Middleware\\ValidatePostSize->handle()
#74 /home/vagrant/code/antasus-dev2/vendor/laravel/framework/src/Illuminate/Foundation/Http/Middleware/PreventRequestsDuringMaintenance.php(86): Illuminate\\Pipeline\\Pipeline->Illuminate\\Pipeline\\{closure}()
#75 /home/vagrant/code/antasus-dev2/vendor/laravel/framework/src/Illuminate/Pipeline/Pipeline.php(167): Illuminate\\Foundation\\Http\\Middleware\\PreventRequestsDuringMaintenance->handle()
#76 /home/vagrant/code/antasus-dev2/vendor/fideloper/proxy/src/TrustProxies.php(57): Illuminate\\Pipeline\\Pipeline->Illuminate\\Pipeline\\{closure}()
#77 /home/vagrant/code/antasus-dev2/vendor/laravel/framework/src/Illuminate/Pipeline/Pipeline.php(167): Fideloper\\Proxy\\TrustProxies->handle()
#78 /home/vagrant/code/antasus-dev2/vendor/fruitcake/laravel-cors/src/HandleCors.php(38): Illuminate\\Pipeline\\Pipeline->Illuminate\\Pipeline\\{closure}()
#79 /home/vagrant/code/antasus-dev2/vendor/laravel/framework/src/Illuminate/Pipeline/Pipeline.php(167): Fruitcake\\Cors\\HandleCors->handle()
#80 /home/vagrant/code/antasus-dev2/vendor/laravel/framework/src/Illuminate/Pipeline/Pipeline.php(103): Illuminate\\Pipeline\\Pipeline->Illuminate\\Pipeline\\{closure}()
#81 /home/vagrant/code/antasus-dev2/vendor/laravel/framework/src/Illuminate/Foundation/Http/Kernel.php(142): Illuminate\\Pipeline\\Pipeline->then()
#82 /home/vagrant/code/antasus-dev2/vendor/laravel/framework/src/Illuminate/Foundation/Http/Kernel.php(111): Illuminate\\Foundation\\Http\\Kernel->sendRequestThroughRouter()
#83 /home/vagrant/code/antasus-dev2/public/index.php(53): Illuminate\\Foundation\\Http\\Kernel->handle()
#84 {main}
"} 
